
*** Running vivado
    with args -log MB_PL_mii_to_rmii_0_0.vds -m64 -product Vivado -mode batch -messageDb vivado.pb -notrace -source MB_PL_mii_to_rmii_0_0.tcl


****** Vivado v2017.4 (64-bit)
  **** SW Build 2086221 on Fri Dec 15 20:55:39 MST 2017
  **** IP Build 2085800 on Fri Dec 15 22:25:07 MST 2017
    ** Copyright 1986-2017 Xilinx, Inc. All Rights Reserved.

source MB_PL_mii_to_rmii_0_0.tcl -notrace
Command: synth_design -top MB_PL_mii_to_rmii_0_0 -part xc7a100tcsg324-1 -mode out_of_context
Starting synth_design
Attempting to get a license for feature 'Synthesis' and/or device 'xc7a100t'
INFO: [Common 17-349] Got license for feature 'Synthesis' and/or device 'xc7a100t'
INFO: Launching helper process for spawning children vivado processes
INFO: Helper process launched with PID 3624 
---------------------------------------------------------------------------------
Starting RTL Elaboration : Time (s): cpu = 00:00:06 ; elapsed = 00:00:10 . Memory (MB): peak = 377.324 ; gain = 104.102
---------------------------------------------------------------------------------
INFO: [Synth 8-638] synthesizing module 'MB_PL_mii_to_rmii_0_0' [c:/Users/Emann/Desktop/MBTST/Plant/Plant.srcs/sources_1/bd/MB_PL/ip/MB_PL_mii_to_rmii_0_0/synth/MB_PL_mii_to_rmii_0_0.vhd:81]
	Parameter C_INSTANCE bound to: MB_PL_mii_to_rmii_0_0 - type: string 
	Parameter C_FIXED_SPEED bound to: 1'b1 
	Parameter C_INCLUDE_BUF bound to: 0 - type: integer 
	Parameter C_SPEED_100 bound to: 1'b1 
	Parameter C_FAMILY bound to: artix7 - type: string 
INFO: [Synth 8-3491] module 'mii_to_rmii' declared at 'c:/Users/Emann/Desktop/MBTST/Plant/Plant.srcs/sources_1/bd/MB_PL/ipshared/c9c6/hdl/mii_to_rmii_v2_0_vh_rfs.vhd:4153' bound to instance 'U0' of component 'mii_to_rmii' [c:/Users/Emann/Desktop/MBTST/Plant/Plant.srcs/sources_1/bd/MB_PL/ip/MB_PL_mii_to_rmii_0_0/synth/MB_PL_mii_to_rmii_0_0.vhd:141]
INFO: [Synth 8-638] synthesizing module 'mii_to_rmii' [c:/Users/Emann/Desktop/MBTST/Plant/Plant.srcs/sources_1/bd/MB_PL/ipshared/c9c6/hdl/mii_to_rmii_v2_0_vh_rfs.vhd:4219]
	Parameter C_INSTANCE bound to: MB_PL_mii_to_rmii_0_0 - type: string 
	Parameter C_FIXED_SPEED bound to: 1'b1 
	Parameter C_INCLUDE_BUF bound to: 0 - type: integer 
	Parameter C_SPEED_100 bound to: 1'b1 
	Parameter C_FAMILY bound to: artix7 - type: string 
INFO: [Synth 8-638] synthesizing module 'rmii_tx_fixed' [c:/Users/Emann/Desktop/MBTST/Plant/Plant.srcs/sources_1/bd/MB_PL/ipshared/c9c6/hdl/mii_to_rmii_v2_0_vh_rfs.vhd:1751]
	Parameter C_RESET_ACTIVE bound to: 1'b0 
INFO: [Synth 8-256] done synthesizing module 'rmii_tx_fixed' (1#1) [c:/Users/Emann/Desktop/MBTST/Plant/Plant.srcs/sources_1/bd/MB_PL/ipshared/c9c6/hdl/mii_to_rmii_v2_0_vh_rfs.vhd:1751]
INFO: [Synth 8-638] synthesizing module 'rmii_rx_fixed' [c:/Users/Emann/Desktop/MBTST/Plant/Plant.srcs/sources_1/bd/MB_PL/ipshared/c9c6/hdl/mii_to_rmii_v2_0_vh_rfs.vhd:2664]
	Parameter C_RESET_ACTIVE bound to: 1'b0 
	Parameter C_SPEED_100 bound to: 1'b1 
INFO: [Synth 8-5534] Detected attribute (* shreg_extract = "no" *) [c:/Users/Emann/Desktop/MBTST/Plant/Plant.srcs/sources_1/bd/MB_PL/ipshared/c9c6/hdl/mii_to_rmii_v2_0_vh_rfs.vhd:3323]
INFO: [Synth 8-5534] Detected attribute (* shreg_extract = "no" *) [c:/Users/Emann/Desktop/MBTST/Plant/Plant.srcs/sources_1/bd/MB_PL/ipshared/c9c6/hdl/mii_to_rmii_v2_0_vh_rfs.vhd:3333]
INFO: [Synth 8-5534] Detected attribute (* shreg_extract = "no" *) [c:/Users/Emann/Desktop/MBTST/Plant/Plant.srcs/sources_1/bd/MB_PL/ipshared/c9c6/hdl/mii_to_rmii_v2_0_vh_rfs.vhd:3340]
	Parameter C_DATA_BITS bound to: 5 - type: integer 
	Parameter C_DEPTH bound to: 16 - type: integer 
INFO: [Synth 8-3491] module 'SRL_FIFO' declared at 'c:/Users/Emann/Desktop/MBTST/Plant/Plant.srcs/sources_1/bd/MB_PL/ipshared/c9c6/hdl/mii_to_rmii_v2_0_vh_rfs.vhd:1434' bound to instance 'I_SRL_FIFO' of component 'srl_fifo' [c:/Users/Emann/Desktop/MBTST/Plant/Plant.srcs/sources_1/bd/MB_PL/ipshared/c9c6/hdl/mii_to_rmii_v2_0_vh_rfs.vhd:3385]
INFO: [Synth 8-638] synthesizing module 'SRL_FIFO' [c:/Users/Emann/Desktop/MBTST/Plant/Plant.srcs/sources_1/bd/MB_PL/ipshared/c9c6/hdl/mii_to_rmii_v2_0_vh_rfs.vhd:1454]
	Parameter C_DATA_BITS bound to: 5 - type: integer 
	Parameter C_DEPTH bound to: 16 - type: integer 
	Parameter C_XON bound to: 0 - type: bool 
INFO: [Synth 8-3491] module 'FDR' declared at 'Z:/xilinx/Vivado/2017.4/scripts/rt/data/unisim_comp.v:3951' bound to instance 'Data_Exists_DFF' of component 'FDR' [c:/Users/Emann/Desktop/MBTST/Plant/Plant.srcs/sources_1/bd/MB_PL/ipshared/c9c6/hdl/mii_to_rmii_v2_0_vh_rfs.vhd:1548]
INFO: [Synth 8-638] synthesizing module 'FDR' [Z:/xilinx/Vivado/2017.4/scripts/rt/data/unisim_comp.v:3951]
	Parameter INIT bound to: 1'b0 
INFO: [Synth 8-256] done synthesizing module 'FDR' (2#1) [Z:/xilinx/Vivado/2017.4/scripts/rt/data/unisim_comp.v:3951]
INFO: [Synth 8-3491] module 'MUXCY_L' declared at 'Z:/xilinx/Vivado/2017.4/scripts/rt/data/unisim_comp.v:26636' bound to instance 'MUXCY_L_I' of component 'MUXCY_L' [c:/Users/Emann/Desktop/MBTST/Plant/Plant.srcs/sources_1/bd/MB_PL/ipshared/c9c6/hdl/mii_to_rmii_v2_0_vh_rfs.vhd:1565]
INFO: [Synth 8-638] synthesizing module 'MUXCY_L' [Z:/xilinx/Vivado/2017.4/scripts/rt/data/unisim_comp.v:26636]
INFO: [Synth 8-256] done synthesizing module 'MUXCY_L' (3#1) [Z:/xilinx/Vivado/2017.4/scripts/rt/data/unisim_comp.v:26636]
INFO: [Synth 8-3491] module 'XORCY' declared at 'Z:/xilinx/Vivado/2017.4/scripts/rt/data/unisim_comp.v:52717' bound to instance 'XORCY_I' of component 'XORCY' [c:/Users/Emann/Desktop/MBTST/Plant/Plant.srcs/sources_1/bd/MB_PL/ipshared/c9c6/hdl/mii_to_rmii_v2_0_vh_rfs.vhd:1572]
INFO: [Synth 8-638] synthesizing module 'XORCY' [Z:/xilinx/Vivado/2017.4/scripts/rt/data/unisim_comp.v:52717]
INFO: [Synth 8-256] done synthesizing module 'XORCY' (4#1) [Z:/xilinx/Vivado/2017.4/scripts/rt/data/unisim_comp.v:52717]
INFO: [Synth 8-3491] module 'FDRE' declared at 'Z:/xilinx/Vivado/2017.4/scripts/rt/data/unisim_comp.v:3964' bound to instance 'FDRE_I' of component 'FDRE' [c:/Users/Emann/Desktop/MBTST/Plant/Plant.srcs/sources_1/bd/MB_PL/ipshared/c9c6/hdl/mii_to_rmii_v2_0_vh_rfs.vhd:1578]
INFO: [Synth 8-638] synthesizing module 'FDRE' [Z:/xilinx/Vivado/2017.4/scripts/rt/data/unisim_comp.v:3964]
	Parameter INIT bound to: 1'b0 
	Parameter IS_C_INVERTED bound to: 1'b0 
	Parameter IS_D_INVERTED bound to: 1'b0 
	Parameter IS_R_INVERTED bound to: 1'b0 
INFO: [Synth 8-256] done synthesizing module 'FDRE' (5#1) [Z:/xilinx/Vivado/2017.4/scripts/rt/data/unisim_comp.v:3964]
INFO: [Synth 8-3491] module 'MUXCY_L' declared at 'Z:/xilinx/Vivado/2017.4/scripts/rt/data/unisim_comp.v:26636' bound to instance 'MUXCY_L_I' of component 'MUXCY_L' [c:/Users/Emann/Desktop/MBTST/Plant/Plant.srcs/sources_1/bd/MB_PL/ipshared/c9c6/hdl/mii_to_rmii_v2_0_vh_rfs.vhd:1565]
INFO: [Synth 8-3491] module 'XORCY' declared at 'Z:/xilinx/Vivado/2017.4/scripts/rt/data/unisim_comp.v:52717' bound to instance 'XORCY_I' of component 'XORCY' [c:/Users/Emann/Desktop/MBTST/Plant/Plant.srcs/sources_1/bd/MB_PL/ipshared/c9c6/hdl/mii_to_rmii_v2_0_vh_rfs.vhd:1572]
INFO: [Synth 8-3491] module 'FDRE' declared at 'Z:/xilinx/Vivado/2017.4/scripts/rt/data/unisim_comp.v:3964' bound to instance 'FDRE_I' of component 'FDRE' [c:/Users/Emann/Desktop/MBTST/Plant/Plant.srcs/sources_1/bd/MB_PL/ipshared/c9c6/hdl/mii_to_rmii_v2_0_vh_rfs.vhd:1578]
INFO: [Synth 8-3491] module 'MUXCY_L' declared at 'Z:/xilinx/Vivado/2017.4/scripts/rt/data/unisim_comp.v:26636' bound to instance 'MUXCY_L_I' of component 'MUXCY_L' [c:/Users/Emann/Desktop/MBTST/Plant/Plant.srcs/sources_1/bd/MB_PL/ipshared/c9c6/hdl/mii_to_rmii_v2_0_vh_rfs.vhd:1565]
INFO: [Synth 8-3491] module 'XORCY' declared at 'Z:/xilinx/Vivado/2017.4/scripts/rt/data/unisim_comp.v:52717' bound to instance 'XORCY_I' of component 'XORCY' [c:/Users/Emann/Desktop/MBTST/Plant/Plant.srcs/sources_1/bd/MB_PL/ipshared/c9c6/hdl/mii_to_rmii_v2_0_vh_rfs.vhd:1572]
INFO: [Synth 8-3491] module 'FDRE' declared at 'Z:/xilinx/Vivado/2017.4/scripts/rt/data/unisim_comp.v:3964' bound to instance 'FDRE_I' of component 'FDRE' [c:/Users/Emann/Desktop/MBTST/Plant/Plant.srcs/sources_1/bd/MB_PL/ipshared/c9c6/hdl/mii_to_rmii_v2_0_vh_rfs.vhd:1578]
INFO: [Synth 8-3491] module 'MUXCY_L' declared at 'Z:/xilinx/Vivado/2017.4/scripts/rt/data/unisim_comp.v:26636' bound to instance 'MUXCY_L_I' of component 'MUXCY_L' [c:/Users/Emann/Desktop/MBTST/Plant/Plant.srcs/sources_1/bd/MB_PL/ipshared/c9c6/hdl/mii_to_rmii_v2_0_vh_rfs.vhd:1565]
INFO: [Synth 8-3491] module 'XORCY' declared at 'Z:/xilinx/Vivado/2017.4/scripts/rt/data/unisim_comp.v:52717' bound to instance 'XORCY_I' of component 'XORCY' [c:/Users/Emann/Desktop/MBTST/Plant/Plant.srcs/sources_1/bd/MB_PL/ipshared/c9c6/hdl/mii_to_rmii_v2_0_vh_rfs.vhd:1572]
INFO: [Synth 8-3491] module 'FDRE' declared at 'Z:/xilinx/Vivado/2017.4/scripts/rt/data/unisim_comp.v:3964' bound to instance 'FDRE_I' of component 'FDRE' [c:/Users/Emann/Desktop/MBTST/Plant/Plant.srcs/sources_1/bd/MB_PL/ipshared/c9c6/hdl/mii_to_rmii_v2_0_vh_rfs.vhd:1578]
INFO: [Synth 8-3491] module 'SRL16E' declared at 'Z:/xilinx/Vivado/2017.4/scripts/rt/data/unisim_comp.v:50705' bound to instance 'SRL16E_I' of component 'SRL16E' [c:/Users/Emann/Desktop/MBTST/Plant/Plant.srcs/sources_1/bd/MB_PL/ipshared/c9c6/hdl/mii_to_rmii_v2_0_vh_rfs.vhd:1589]
INFO: [Synth 8-638] synthesizing module 'SRL16E' [Z:/xilinx/Vivado/2017.4/scripts/rt/data/unisim_comp.v:50705]
	Parameter INIT bound to: 16'b0000000000000000 
	Parameter IS_CLK_INVERTED bound to: 1'b0 
INFO: [Synth 8-256] done synthesizing module 'SRL16E' (6#1) [Z:/xilinx/Vivado/2017.4/scripts/rt/data/unisim_comp.v:50705]
INFO: [Synth 8-3491] module 'SRL16E' declared at 'Z:/xilinx/Vivado/2017.4/scripts/rt/data/unisim_comp.v:50705' bound to instance 'SRL16E_I' of component 'SRL16E' [c:/Users/Emann/Desktop/MBTST/Plant/Plant.srcs/sources_1/bd/MB_PL/ipshared/c9c6/hdl/mii_to_rmii_v2_0_vh_rfs.vhd:1589]
INFO: [Synth 8-3491] module 'SRL16E' declared at 'Z:/xilinx/Vivado/2017.4/scripts/rt/data/unisim_comp.v:50705' bound to instance 'SRL16E_I' of component 'SRL16E' [c:/Users/Emann/Desktop/MBTST/Plant/Plant.srcs/sources_1/bd/MB_PL/ipshared/c9c6/hdl/mii_to_rmii_v2_0_vh_rfs.vhd:1589]
INFO: [Synth 8-3491] module 'SRL16E' declared at 'Z:/xilinx/Vivado/2017.4/scripts/rt/data/unisim_comp.v:50705' bound to instance 'SRL16E_I' of component 'SRL16E' [c:/Users/Emann/Desktop/MBTST/Plant/Plant.srcs/sources_1/bd/MB_PL/ipshared/c9c6/hdl/mii_to_rmii_v2_0_vh_rfs.vhd:1589]
INFO: [Synth 8-3491] module 'SRL16E' declared at 'Z:/xilinx/Vivado/2017.4/scripts/rt/data/unisim_comp.v:50705' bound to instance 'SRL16E_I' of component 'SRL16E' [c:/Users/Emann/Desktop/MBTST/Plant/Plant.srcs/sources_1/bd/MB_PL/ipshared/c9c6/hdl/mii_to_rmii_v2_0_vh_rfs.vhd:1589]
INFO: [Synth 8-256] done synthesizing module 'SRL_FIFO' (7#1) [c:/Users/Emann/Desktop/MBTST/Plant/Plant.srcs/sources_1/bd/MB_PL/ipshared/c9c6/hdl/mii_to_rmii_v2_0_vh_rfs.vhd:1454]
INFO: [Synth 8-256] done synthesizing module 'rmii_rx_fixed' (8#1) [c:/Users/Emann/Desktop/MBTST/Plant/Plant.srcs/sources_1/bd/MB_PL/ipshared/c9c6/hdl/mii_to_rmii_v2_0_vh_rfs.vhd:2664]
INFO: [Synth 8-256] done synthesizing module 'mii_to_rmii' (9#1) [c:/Users/Emann/Desktop/MBTST/Plant/Plant.srcs/sources_1/bd/MB_PL/ipshared/c9c6/hdl/mii_to_rmii_v2_0_vh_rfs.vhd:4219]
INFO: [Synth 8-256] done synthesizing module 'MB_PL_mii_to_rmii_0_0' (10#1) [c:/Users/Emann/Desktop/MBTST/Plant/Plant.srcs/sources_1/bd/MB_PL/ip/MB_PL_mii_to_rmii_0_0/synth/MB_PL_mii_to_rmii_0_0.vhd:81]
WARNING: [Synth 8-3331] design rmii_rx_fixed has unconnected port Rx_speed_100
---------------------------------------------------------------------------------
Finished RTL Elaboration : Time (s): cpu = 00:00:07 ; elapsed = 00:00:13 . Memory (MB): peak = 430.133 ; gain = 156.910
---------------------------------------------------------------------------------

Report Check Netlist: 
+------+------------------+-------+---------+-------+------------------+
|      |Item              |Errors |Warnings |Status |Description       |
+------+------------------+-------+---------+-------+------------------+
|1     |multi_driven_nets |      0|        0|Passed |Multi driven nets |
+------+------------------+-------+---------+-------+------------------+
---------------------------------------------------------------------------------
Finished RTL Optimization Phase 1 : Time (s): cpu = 00:00:07 ; elapsed = 00:00:14 . Memory (MB): peak = 430.133 ; gain = 156.910
---------------------------------------------------------------------------------
INFO: [Netlist 29-17] Analyzing 9 Unisim elements for replacement
INFO: [Netlist 29-28] Unisim Transformation completed in 0 CPU seconds
INFO: [Device 21-403] Loading part xc7a100tcsg324-1
INFO: [Project 1-570] Preparing netlist for logic optimization

Processing XDC Constraints
Initializing timing engine
Parsing XDC File [c:/Users/Emann/Desktop/MBTST/Plant/Plant.srcs/sources_1/bd/MB_PL/ip/MB_PL_mii_to_rmii_0_0/MB_PL_mii_to_rmii_0_0_ooc.xdc] for cell 'U0'
Finished Parsing XDC File [c:/Users/Emann/Desktop/MBTST/Plant/Plant.srcs/sources_1/bd/MB_PL/ip/MB_PL_mii_to_rmii_0_0/MB_PL_mii_to_rmii_0_0_ooc.xdc] for cell 'U0'
Parsing XDC File [c:/Users/Emann/Desktop/MBTST/Plant/Plant.srcs/sources_1/bd/MB_PL/ip/MB_PL_mii_to_rmii_0_0/MB_PL_mii_to_rmii_0_0_board.xdc] for cell 'U0'
Finished Parsing XDC File [c:/Users/Emann/Desktop/MBTST/Plant/Plant.srcs/sources_1/bd/MB_PL/ip/MB_PL_mii_to_rmii_0_0/MB_PL_mii_to_rmii_0_0_board.xdc] for cell 'U0'
Parsing XDC File [C:/Users/Emann/Desktop/MBTST/Plant/Plant.runs/MB_PL_mii_to_rmii_0_0_synth_1/dont_touch.xdc]
Finished Parsing XDC File [C:/Users/Emann/Desktop/MBTST/Plant/Plant.runs/MB_PL_mii_to_rmii_0_0_synth_1/dont_touch.xdc]
Completed Processing XDC Constraints

INFO: [Project 1-111] Unisim Transformation Summary:
  A total of 5 instances were transformed.
  FDR => FDRE: 1 instances
  MUXCY_L => MUXCY: 4 instances

Constraint Validation Runtime : Time (s): cpu = 00:00:00 ; elapsed = 00:00:00.097 . Memory (MB): peak = 773.699 ; gain = 0.012
---------------------------------------------------------------------------------
Finished Constraint Validation : Time (s): cpu = 00:00:21 ; elapsed = 00:00:39 . Memory (MB): peak = 773.699 ; gain = 500.477
---------------------------------------------------------------------------------
---------------------------------------------------------------------------------
Start Loading Part and Timing Information
---------------------------------------------------------------------------------
Loading part: xc7a100tcsg324-1
---------------------------------------------------------------------------------
Finished Loading Part and Timing Information : Time (s): cpu = 00:00:21 ; elapsed = 00:00:39 . Memory (MB): peak = 773.699 ; gain = 500.477
---------------------------------------------------------------------------------
---------------------------------------------------------------------------------
Start Applying 'set_property' XDC Constraints
---------------------------------------------------------------------------------
Applied set_property DONT_TOUCH = true for U0. (constraint file  C:/Users/Emann/Desktop/MBTST/Plant/Plant.runs/MB_PL_mii_to_rmii_0_0_synth_1/dont_touch.xdc, line 9).
---------------------------------------------------------------------------------
Finished applying 'set_property' XDC Constraints : Time (s): cpu = 00:00:21 ; elapsed = 00:00:39 . Memory (MB): peak = 773.699 ; gain = 500.477
---------------------------------------------------------------------------------
INFO: [Synth 8-802] inferred FSM for state register 'present_state_reg' in module 'rmii_tx_fixed'
INFO: [Synth 8-5544] ROM "next_state" won't be mapped to Block RAM because address size (1) smaller than threshold (5)
INFO: [Synth 8-5544] ROM "buffer_Empty" won't be mapped to Block RAM because address size (4) smaller than threshold (5)
INFO: [Synth 8-5544] ROM "buffer_Full" won't be mapped to Block RAM because address size (4) smaller than threshold (5)
---------------------------------------------------------------------------------------------------
                   State |                     New Encoding |                Previous Encoding 
---------------------------------------------------------------------------------------------------
              idle_clk_l |                            00000 |                            00000
              idle_clk_h |                            00001 |                            00001
     tx100_dibit_0_clk_l |                            00010 |                            00010
     tx100_dibit_1_clk_h |                            00011 |                            00011
     tx10_dibit_0_clk_l0 |                            00100 |                            00100
     tx10_dibit_0_clk_l1 |                            00101 |                            00101
     tx10_dibit_0_clk_l2 |                            00110 |                            00110
     tx10_dibit_0_clk_l3 |                            00111 |                            00111
     tx10_dibit_0_clk_l4 |                            01000 |                            01000
     tx10_dibit_0_clk_l5 |                            01001 |                            01001
     tx10_dibit_0_clk_l6 |                            01010 |                            01010
     tx10_dibit_0_clk_l7 |                            01011 |                            01011
     tx10_dibit_0_clk_l8 |                            01100 |                            01100
     tx10_dibit_0_clk_l9 |                            01101 |                            01101
     tx10_dibit_1_clk_h0 |                            01110 |                            01110
     tx10_dibit_1_clk_h1 |                            01111 |                            01111
     tx10_dibit_1_clk_h2 |                            10000 |                            10000
     tx10_dibit_1_clk_h3 |                            10001 |                            10001
     tx10_dibit_1_clk_h4 |                            10010 |                            10010
     tx10_dibit_1_clk_h5 |                            10011 |                            10011
     tx10_dibit_1_clk_h6 |                            10100 |                            10100
     tx10_dibit_1_clk_h7 |                            10101 |                            10101
     tx10_dibit_1_clk_h8 |                            10110 |                            10110
     tx10_dibit_1_clk_h9 |                            10111 |                            10111
---------------------------------------------------------------------------------------------------
INFO: [Synth 8-3354] encoded FSM with state register 'present_state_reg' using encoding 'sequential' in module 'rmii_tx_fixed'
---------------------------------------------------------------------------------
Finished RTL Optimization Phase 2 : Time (s): cpu = 00:00:21 ; elapsed = 00:00:40 . Memory (MB): peak = 773.699 ; gain = 500.477
---------------------------------------------------------------------------------

Report RTL Partitions: 
+-+--------------+------------+----------+
| |RTL Partition |Replication |Instances |
+-+--------------+------------+----------+
+-+--------------+------------+----------+
---------------------------------------------------------------------------------
Start RTL Component Statistics 
---------------------------------------------------------------------------------
Detailed RTL Component Info : 
+---XORs : 
	   2 Input      1 Bit         XORs := 6     
+---Registers : 
	                4 Bit    Registers := 8     
	                2 Bit    Registers := 9     
	                1 Bit    Registers := 29    
+---Muxes : 
	  25 Input      5 Bit        Muxes := 1     
	   2 Input      4 Bit        Muxes := 1     
	   2 Input      2 Bit        Muxes := 1     
	   6 Input      2 Bit        Muxes := 2     
	  24 Input      1 Bit        Muxes := 4     
	   2 Input      1 Bit        Muxes := 4     
	   4 Input      1 Bit        Muxes := 4     
---------------------------------------------------------------------------------
Finished RTL Component Statistics 
---------------------------------------------------------------------------------
---------------------------------------------------------------------------------
Start RTL Hierarchical Component Statistics 
---------------------------------------------------------------------------------
Hierarchical RTL Component report 
Module rmii_tx_fixed 
Detailed RTL Component Info : 
+---XORs : 
	   2 Input      1 Bit         XORs := 2     
+---Registers : 
	                4 Bit    Registers := 1     
	                2 Bit    Registers := 1     
	                1 Bit    Registers := 3     
+---Muxes : 
	  25 Input      5 Bit        Muxes := 1     
	   2 Input      2 Bit        Muxes := 1     
	  24 Input      1 Bit        Muxes := 4     
Module SRL_FIFO 
Detailed RTL Component Info : 
+---XORs : 
	   2 Input      1 Bit         XORs := 4     
+---Muxes : 
	   2 Input      1 Bit        Muxes := 2     
Module rmii_rx_fixed 
Detailed RTL Component Info : 
+---Registers : 
	                4 Bit    Registers := 4     
	                2 Bit    Registers := 4     
	                1 Bit    Registers := 11    
+---Muxes : 
	   2 Input      4 Bit        Muxes := 1     
	   6 Input      2 Bit        Muxes := 2     
	   4 Input      1 Bit        Muxes := 4     
	   2 Input      1 Bit        Muxes := 2     
Module mii_to_rmii 
Detailed RTL Component Info : 
+---Registers : 
	                4 Bit    Registers := 3     
	                2 Bit    Registers := 4     
	                1 Bit    Registers := 15    
---------------------------------------------------------------------------------
Finished RTL Hierarchical Component Statistics
---------------------------------------------------------------------------------
---------------------------------------------------------------------------------
Start Part Resource Summary
---------------------------------------------------------------------------------
Part Resources:
DSPs: 240 (col length:80)
BRAMs: 270 (col length: RAMB18 80 RAMB36 40)
---------------------------------------------------------------------------------
Finished Part Resource Summary
---------------------------------------------------------------------------------
---------------------------------------------------------------------------------
Start Cross Boundary and Area Optimization
---------------------------------------------------------------------------------
INFO: [Synth 8-3886] merging instance 'U0/RMII_FIXED.I_RX/RX_100_MBPS.phy2Rmii_rxd_d1_reg[0]' (FDR) to 'U0/RMII_FIXED.I_RX/RX_100_MBPS.phy2Rmii_rxd_d2_reg[2]'
INFO: [Synth 8-3886] merging instance 'U0/RMII_FIXED.I_RX/RX_100_MBPS.phy2Rmii_rxd_d1_reg[1]' (FDR) to 'U0/RMII_FIXED.I_RX/RX_100_MBPS.phy2Rmii_rxd_d2_reg[3]'
INFO: [Synth 8-3886] merging instance 'U0/RMII_FIXED.I_RX/RX_100_MBPS.phy2Rmii_rxd_d2_reg[0]' (FDR) to 'U0/RMII_FIXED.I_RX/RX_100_MBPS.phy2Rmii_rxd_d3_reg[2]'
INFO: [Synth 8-3886] merging instance 'U0/RMII_FIXED.I_RX/RX_100_MBPS.phy2Rmii_rxd_d2_reg[1]' (FDR) to 'U0/RMII_FIXED.I_RX/RX_100_MBPS.phy2Rmii_rxd_d3_reg[3]'
INFO: [Synth 8-3332] Sequential element (RMII_FIXED.I_RX/RX_100_MBPS.fifo_din_dv_reg) is unused and will be removed from module mii_to_rmii.
---------------------------------------------------------------------------------
Finished Cross Boundary and Area Optimization : Time (s): cpu = 00:00:22 ; elapsed = 00:00:42 . Memory (MB): peak = 773.699 ; gain = 500.477
---------------------------------------------------------------------------------

Report RTL Partitions: 
+-+--------------+------------+----------+
| |RTL Partition |Replication |Instances |
+-+--------------+------------+----------+
+-+--------------+------------+----------+
---------------------------------------------------------------------------------
Start Applying XDC Timing Constraints
---------------------------------------------------------------------------------
---------------------------------------------------------------------------------
Finished Applying XDC Timing Constraints : Time (s): cpu = 00:00:33 ; elapsed = 00:00:59 . Memory (MB): peak = 773.699 ; gain = 500.477
---------------------------------------------------------------------------------
---------------------------------------------------------------------------------
Start Timing Optimization
---------------------------------------------------------------------------------
---------------------------------------------------------------------------------
Finished Timing Optimization : Time (s): cpu = 00:00:33 ; elapsed = 00:00:59 . Memory (MB): peak = 773.699 ; gain = 500.477
---------------------------------------------------------------------------------

Report RTL Partitions: 
+-+--------------+------------+----------+
| |RTL Partition |Replication |Instances |
+-+--------------+------------+----------+
+-+--------------+------------+----------+
---------------------------------------------------------------------------------
Start Technology Mapping
---------------------------------------------------------------------------------
---------------------------------------------------------------------------------
Finished Technology Mapping : Time (s): cpu = 00:00:33 ; elapsed = 00:00:59 . Memory (MB): peak = 778.539 ; gain = 505.316
---------------------------------------------------------------------------------

Report RTL Partitions: 
+-+--------------+------------+----------+
| |RTL Partition |Replication |Instances |
+-+--------------+------------+----------+
+-+--------------+------------+----------+
---------------------------------------------------------------------------------
Start IO Insertion
---------------------------------------------------------------------------------
---------------------------------------------------------------------------------
Start Flattening Before IO Insertion
---------------------------------------------------------------------------------
---------------------------------------------------------------------------------
Finished Flattening Before IO Insertion
---------------------------------------------------------------------------------
---------------------------------------------------------------------------------
Start Final Netlist Cleanup
---------------------------------------------------------------------------------
---------------------------------------------------------------------------------
Finished Final Netlist Cleanup
---------------------------------------------------------------------------------
---------------------------------------------------------------------------------
Finished IO Insertion : Time (s): cpu = 00:00:34 ; elapsed = 00:01:01 . Memory (MB): peak = 778.539 ; gain = 505.316
---------------------------------------------------------------------------------

Report Check Netlist: 
+------+------------------+-------+---------+-------+------------------+
|      |Item              |Errors |Warnings |Status |Description       |
+------+------------------+-------+---------+-------+------------------+
|1     |multi_driven_nets |      0|        0|Passed |Multi driven nets |
+------+------------------+-------+---------+-------+------------------+
---------------------------------------------------------------------------------
Start Renaming Generated Instances
---------------------------------------------------------------------------------
---------------------------------------------------------------------------------
Finished Renaming Generated Instances : Time (s): cpu = 00:00:34 ; elapsed = 00:01:01 . Memory (MB): peak = 778.539 ; gain = 505.316
---------------------------------------------------------------------------------

Report RTL Partitions: 
+-+--------------+------------+----------+
| |RTL Partition |Replication |Instances |
+-+--------------+------------+----------+
+-+--------------+------------+----------+
---------------------------------------------------------------------------------
Start Rebuilding User Hierarchy
---------------------------------------------------------------------------------
---------------------------------------------------------------------------------
Finished Rebuilding User Hierarchy : Time (s): cpu = 00:00:34 ; elapsed = 00:01:01 . Memory (MB): peak = 778.539 ; gain = 505.316
---------------------------------------------------------------------------------
---------------------------------------------------------------------------------
Start Renaming Generated Ports
---------------------------------------------------------------------------------
---------------------------------------------------------------------------------
Finished Renaming Generated Ports : Time (s): cpu = 00:00:34 ; elapsed = 00:01:01 . Memory (MB): peak = 778.539 ; gain = 505.316
---------------------------------------------------------------------------------
---------------------------------------------------------------------------------
Start Handling Custom Attributes
---------------------------------------------------------------------------------
---------------------------------------------------------------------------------
Finished Handling Custom Attributes : Time (s): cpu = 00:00:34 ; elapsed = 00:01:01 . Memory (MB): peak = 778.539 ; gain = 505.316
---------------------------------------------------------------------------------
---------------------------------------------------------------------------------
Start Renaming Generated Nets
---------------------------------------------------------------------------------
---------------------------------------------------------------------------------
Finished Renaming Generated Nets : Time (s): cpu = 00:00:34 ; elapsed = 00:01:01 . Memory (MB): peak = 778.539 ; gain = 505.316
---------------------------------------------------------------------------------
---------------------------------------------------------------------------------
Start Writing Synthesis Report
---------------------------------------------------------------------------------

Report BlackBoxes: 
+-+--------------+----------+
| |BlackBox name |Instances |
+-+--------------+----------+
+-+--------------+----------+

Report Cell Usage: 
+------+--------+------+
|      |Cell    |Count |
+------+--------+------+
|1     |LUT1    |     2|
|2     |LUT2    |     6|
|3     |LUT3    |     4|
|4     |LUT4    |     5|
|5     |LUT5    |    10|
|6     |LUT6    |     8|
|7     |MUXCY_L |     3|
|8     |SRL16E  |     4|
|9     |XORCY   |     4|
|10    |FDR     |     1|
|11    |FDRE    |    83|
+------+--------+------+

Report Instance Areas: 
+------+-------------------------------+--------------+------+
|      |Instance                       |Module        |Cells |
+------+-------------------------------+--------------+------+
|1     |top                            |              |   130|
|2     |  U0                           |mii_to_rmii   |   130|
|3     |    \RMII_FIXED.I_RX           |rmii_rx_fixed |    70|
|4     |      \RX_100_MBPS.I_SRL_FIFO  |SRL_FIFO      |    30|
|5     |    \RMII_FIXED.I_TX           |rmii_tx_fixed |    25|
+------+-------------------------------+--------------+------+
---------------------------------------------------------------------------------
Finished Writing Synthesis Report : Time (s): cpu = 00:00:34 ; elapsed = 00:01:01 . Memory (MB): peak = 778.539 ; gain = 505.316
---------------------------------------------------------------------------------
Synthesis finished with 0 errors, 0 critical warnings and 0 warnings.
Synthesis Optimization Runtime : Time (s): cpu = 00:00:21 ; elapsed = 00:00:48 . Memory (MB): peak = 778.539 ; gain = 161.750
Synthesis Optimization Complete : Time (s): cpu = 00:00:35 ; elapsed = 00:01:01 . Memory (MB): peak = 778.539 ; gain = 505.316
INFO: [Project 1-571] Translating synthesized netlist
INFO: [Netlist 29-17] Analyzing 8 Unisim elements for replacement
INFO: [Netlist 29-28] Unisim Transformation completed in 0 CPU seconds
INFO: [Project 1-570] Preparing netlist for logic optimization
INFO: [Opt 31-138] Pushed 0 inverter(s) to 0 load pin(s).
INFO: [Project 1-111] Unisim Transformation Summary:
  A total of 2 instances were transformed.
  (MUXCY,XORCY) => CARRY4: 1 instances
  FDR => FDRE: 1 instances

INFO: [Common 17-83] Releasing license: Synthesis
66 Infos, 1 Warnings, 0 Critical Warnings and 0 Errors encountered.
synth_design completed successfully
synth_design: Time (s): cpu = 00:00:36 ; elapsed = 00:01:05 . Memory (MB): peak = 778.973 ; gain = 517.410
INFO: [Common 17-1381] The checkpoint 'C:/Users/Emann/Desktop/MBTST/Plant/Plant.runs/MB_PL_mii_to_rmii_0_0_synth_1/MB_PL_mii_to_rmii_0_0.dcp' has been generated.
