#-----------------------------------------------------------
# Vivado v2017.4 (64-bit)
# SW Build 2086221 on Fri Dec 15 20:55:39 MST 2017
# IP Build 2085800 on Fri Dec 15 22:25:07 MST 2017
# Start of session at: Mon Apr  2 19:02:45 2018
# Process ID: 12240
# Current directory: C:/Users/Emann/Desktop/freertos-microblaze-nexys4ddr-master/7Seg IP
# Command line: vivado.exe -gui_launcher_event rodinguilauncherevent11696 C:\Users\Emann\Desktop\freertos-microblaze-nexys4ddr-master\7Seg IP\7Seg IP.xpr
# Log file: C:/Users/Emann/Desktop/freertos-microblaze-nexys4ddr-master/7Seg IP/vivado.log
# Journal file: C:/Users/Emann/Desktop/freertos-microblaze-nexys4ddr-master/7Seg IP\vivado.jou
#-----------------------------------------------------------
start_gui
open_project {C:/Users/Emann/Desktop/freertos-microblaze-nexys4ddr-master/7Seg IP/7Seg IP.xpr}
Scanning sources...
Finished scanning sources
INFO: [IP_Flow 19-234] Refreshing IP repositories
INFO: [IP_Flow 19-1700] Loaded user IP repository 'c:/Users/Emann/Desktop/IP downloads and resources'.
WARNING: [IP_Flow 19-3685] Ignored loading user repository 'c:/Users/Emann/Desktop/IP downloads and resources/vivado-library'. The path is contained within another repository.
INFO: [IP_Flow 19-2313] Loaded Vivado IP repository 'Z:/xilinx/Vivado/2017.4/data/ip'.
update_compile_order -fileset sources_1
ipx::package_project -root_dir {c:/users/emann/desktop/freertos-microblaze-nexys4ddr-master/7seg ip/7seg ipexit
INFO: [Common 17-206] Exiting Vivado at Mon Apr  2 19:06:37 2018...
r -taxonomy /UserIP
INFO: [IP_Flow 19-4753] Inferred signal 'reset' from port 'RST' as interface 'RST'.
INFO: [IP_Flow 19-4753] Inferred signal 'clock' from port 'CLK' as interface 'CLK'.
INFO: [IP_Flow 19-4728] Bus Interface 'CLK': Added interface parameter 'ASSOCIATED_RESET' with value 'RST'.
set_property vendor HazyJay [ipx::current_core]
set_property library SSeg [ipx::current_core]
set_property description {SSegDriver_v1_0 - expects clock from nexys 3} [ipx::current_core]
set_property core_revision 2 [ipx::current_core]
ipx::create_xgui_files [ipx::current_core]
ipx::update_checksums [ipx::current_core]
ipx::save_core [ipx::current_core]
set_property  ip_repo_paths  {{c:/users/emann/desktop/freertos-microblaze-nexys4ddr-master/7seg ip/7seg ip.srcs/sources_1/imports/umd_cisc24_jh_rf} {c:/Users/Emann/Desktop/IP downloads and resources} {c:/Users/Emann/Desktop/IP downloads and resources/vivado-library}} [current_project]
update_ip_catalog
INFO: [IP_Flow 19-234] Refreshing IP repositories
INFO: [IP_Flow 19-1700] Loaded user IP repository 'c:/users/emann/desktop/freertos-microblaze-nexys4ddr-master/7seg ip/7seg ip.srcs/sources_1/imports/umd_cisc24_jh_rf'.
INFO: [IP_Flow 19-1700] Loaded user IP repository 'c:/Users/Emann/Desktop/IP downloads and resources'.
WARNING: [IP_Flow 19-3685] Ignored loading user repository 'c:/Users/Emann/Desktop/IP downloads and resources/vivado-library'. The path is contained within another repository.
exit
INFO: [Common 17-206] Exiting Vivado at Mon Apr  2 19:06:33 2018...
